
SQL*Loader: Release 12.1.0.2.0 - Production on Wed Jul 3 18:09:43 2019

Copyright (c) 1982, 2014, Oracle and/or its affiliates.  All rights reserved.

Control File:   /SLMSDB/FINNONE/UPLOADDOWNLOAD/UPLOAD/CTLFILE/ControlFile_4.ctl
Data File:      /SLMSDB/FINNONE/UPLOADDOWNLOAD/UPLOAD/DATAFILE/Red_03072019D1.csv
  Bad File:     /SLMSDB/FINNONE/UPLOADDOWNLOAD/UPLOAD/CTLFILE/Red_03072019D1.bad
  Discard File:  none specified
 
 (Allow all discards)

Number to load: ALL
Number to skip: 0
Errors allowed: 50
Bind array:     64 rows, maximum of 256000 bytes
Continuation:    none specified
Path used:      Conventional

Table LEA_RUU_BATCH_HDR, loaded when AGREEMENTNO = 0X7e(character '~')
Insert option in effect for this table: APPEND
TRAILING NULLCOLS option in effect

   Column Name                  Position   Len  Term Encl Datatype
------------------------------ ---------- ----- ---- ---- ---------------------
AGREEMENTNO                             1     *   ,  O(") CHARACTER            
FILENAME                             NEXT     *   ,  O(") CHARACTER            
BATCHID                                                   CONSTANT
    Value is '1776783'

Table LEA_RUU_UPLOAD_TMP, loaded when AGREEMENTNO != 0X7e(character '~')
Insert option in effect for this table: APPEND
TRAILING NULLCOLS option in effect

   Column Name                  Position   Len  Term Encl Datatype
------------------------------ ---------- ----- ---- ---- ---------------------
AGREEMENTNO                             1     *   ,  O(") CHARACTER            
RECEIPTNO                            NEXT     *   ,  O(") CHARACTER            
RECEIPT_CHANNEL                      NEXT     *   ,  O(") CHARACTER            
AGENCYID                             NEXT     *   ,  O(") CHARACTER            
CHEQUE_NO                            NEXT     *   ,  O(") CHARACTER            
BANKACNUM                            NEXT     *   ,  O(") CHARACTER            
DRAWNON                              NEXT     *   ,  O(") CHARACTER            
TOWARDS                              NEXT     *   ,  O(") CHARACTER            
RECEIPT_AMT                          NEXT     *   ,  O(") CHARACTER            
RECEIPT_DATE                         NEXT     *   ,  O(") DATE DD/MM/RRRR      
    NULL if RECEIPT_DATE = BLANKS
CHEQUEDATE                           NEXT     *   ,  O(") DATE DD/MM/RRRR      
    NULL if CHEQUEDATE = BLANKS
RECEIPT_TYPE                         NEXT     *   ,  O(") CHARACTER            
RECEIPT_NUM                          NEXT     *   ,  O(") CHARACTER            
CHEQUE_STATUS                        NEXT     *   ,  O(") CHARACTER            
AUTOALLOC                            NEXT     *   ,  O(") CHARACTER            
EMIAMT                               NEXT     *   ,  O(") CHARACTER            
LPPAMT                               NEXT     *   ,  O(") CHARACTER            
BCCAMT                               NEXT     *   ,  O(") CHARACTER            
EXCESSAMT                            NEXT     *   ,  O(") CHARACTER            
OTHCHARGE1                           NEXT     *   ,  O(") CHARACTER            
OTHAMT1                              NEXT     *   ,  O(") CHARACTER            
OTHCHARGE2                           NEXT     *   ,  O(") CHARACTER            
OTHAMT2                              NEXT     *   ,  O(") CHARACTER            
OTHCHARGE3                           NEXT     *   ,  O(") CHARACTER            
OTHAMT3                              NEXT     *   ,  O(") CHARACTER            
OTHCHARGE4                           NEXT     *   ,  O(") CHARACTER            
OTHAMT4                              NEXT     *   ,  O(") CHARACTER            
REMARKS                              NEXT     *   ,  O(") CHARACTER            
    NULL if REMARKS = 0X617364(character 'asd')
RETAIL_CORP                          NEXT     *   ,  O(") CHARACTER            
BPID                                 NEXT     *   ,  O(") CHARACTER            
BPTYPE                               NEXT     *   ,  O(") CHARACTER            
DSSNO                                NEXT     *   ,  O(") CHARACTER            
CITYID                               NEXT     *   ,  O(") CHARACTER            
BATCHID                                                   CONSTANT
    Value is '1776783'

value used for ROWS parameter changed from 64 to 28

Table LEA_RUU_BATCH_HDR:
  1 Row successfully loaded.
  0 Rows not loaded due to data errors.
  6000 Rows not loaded because all WHEN clauses were failed.
  0 Rows not loaded because all fields were null.


Table LEA_RUU_UPLOAD_TMP:
  6000 Rows successfully loaded.
  0 Rows not loaded due to data errors.
  1 Row not loaded because all WHEN clauses were failed.
  0 Rows not loaded because all fields were null.


Space allocated for bind array:                 253288 bytes(28 rows)
Read   buffer bytes: 1048576

Total logical records skipped:          0
Total logical records read:          6001
Total logical records rejected:         0
Total logical records discarded:        0

Run began on Wed Jul 03 18:09:43 2019
Run ended on Wed Jul 03 18:09:47 2019

Elapsed time was:     00:00:03.47
CPU time was:         00:00:00.11
